2016/11/06 21:56:10 INFO  - jmeter.util.JMeterUtils: Setting Locale to en_US 
2016/11/06 21:56:10 INFO  - jmeter.JMeter: Loading user properties from: /usr/local/Cellar/jmeter/3.0/libexec/bin/user.properties 
2016/11/06 21:56:10 INFO  - jmeter.JMeter: Loading system properties from: /usr/local/Cellar/jmeter/3.0/libexec/bin/system.properties 
2016/11/06 21:56:10 INFO  - jmeter.JMeter: Copyright (c) 1998-2016 The Apache Software Foundation 
2016/11/06 21:56:10 INFO  - jmeter.JMeter: Version 3.0 r1743807 
2016/11/06 21:56:10 INFO  - jmeter.JMeter: java.version=1.8.0_77 
2016/11/06 21:56:10 INFO  - jmeter.JMeter: java.vm.name=Java HotSpot(TM) 64-Bit Server VM 
2016/11/06 21:56:10 INFO  - jmeter.JMeter: os.name=Mac OS X 
2016/11/06 21:56:10 INFO  - jmeter.JMeter: os.arch=x86_64 
2016/11/06 21:56:10 INFO  - jmeter.JMeter: os.version=10.11.6 
2016/11/06 21:56:10 INFO  - jmeter.JMeter: file.encoding=UTF-8 
2016/11/06 21:56:10 INFO  - jmeter.JMeter: Max memory     =514850816 
2016/11/06 21:56:10 INFO  - jmeter.JMeter: Available Processors =4 
2016/11/06 21:56:10 INFO  - jmeter.JMeter: Default Locale=English (United States) 
2016/11/06 21:56:10 INFO  - jmeter.JMeter: JMeter  Locale=English (United States) 
2016/11/06 21:56:10 INFO  - jmeter.JMeter: JMeterHome=/usr/local/Cellar/jmeter/3.0/libexec 
2016/11/06 21:56:10 INFO  - jmeter.JMeter: user.dir  =/Users/nishanksingla/Desktop/ebay Lab2 MongoDB copy/RabbitMQ-BackEndServer 
2016/11/06 21:56:10 INFO  - jmeter.JMeter: PWD       =/Users/nishanksingla/Desktop/ebay Lab2 MongoDB copy/RabbitMQ-BackEndServer 
2016/11/06 21:56:10 INFO  - jmeter.JMeter: IP: 10.0.0.75 Name: Nishanks-MacBook-Pro.local FullName: 10.0.0.75 
2016/11/06 21:56:11 INFO  - jmeter.gui.action.LookAndFeelCommand: Using look and feel: com.apple.laf.AquaLookAndFeel [Mac OS X, System] 
2016/11/06 21:56:11 INFO  - jmeter.JMeter: Loaded icon properties from org/apache/jmeter/images/icon.properties 
2016/11/06 21:56:12 INFO  - jmeter.engine.util.CompoundVariable: Note: Function class names must contain the string: '.functions.' 
2016/11/06 21:56:12 INFO  - jmeter.engine.util.CompoundVariable: Note: Function class names must not contain the string: '.gui.' 
2016/11/06 21:56:13 INFO  - jmeter.util.BSFTestElement: Registering JMeter version of JavaScript engine as work-round for BSF-22 
2016/11/06 21:56:14 INFO  - jmeter.protocol.http.sampler.HTTPSamplerBase: Parser for text/html is org.apache.jmeter.protocol.http.parser.LagartoBasedHtmlParser 
2016/11/06 21:56:14 INFO  - jmeter.protocol.http.sampler.HTTPSamplerBase: Parser for application/xhtml+xml is org.apache.jmeter.protocol.http.parser.LagartoBasedHtmlParser 
2016/11/06 21:56:14 INFO  - jmeter.protocol.http.sampler.HTTPSamplerBase: Parser for application/xml is org.apache.jmeter.protocol.http.parser.LagartoBasedHtmlParser 
2016/11/06 21:56:14 INFO  - jmeter.protocol.http.sampler.HTTPSamplerBase: Parser for text/xml is org.apache.jmeter.protocol.http.parser.LagartoBasedHtmlParser 
2016/11/06 21:56:14 INFO  - jmeter.protocol.http.sampler.HTTPSamplerBase: Parser for text/vnd.wap.wml is org.apache.jmeter.protocol.http.parser.RegexpHTMLParser 
2016/11/06 21:56:14 INFO  - jmeter.protocol.http.sampler.HTTPSamplerBase: Parser for text/css is org.apache.jmeter.protocol.http.parser.CssParser 
2016/11/06 21:56:14 INFO  - jorphan.exec.KeyToolUtils: keytool found at 'keytool' 
2016/11/06 21:56:14 INFO  - jmeter.protocol.http.proxy.ProxyControl: HTTP(S) Test Script Recorder SSL Proxy will use keys that support embedded 3rd party resources in file /usr/local/Cellar/jmeter/3.0/libexec/bin/proxyserver.jks 
2016/11/06 21:56:14 INFO  - jmeter.gui.util.MenuFactory: Skipping org.apache.jmeter.protocol.mongodb.config.MongoSourceElement 
2016/11/06 21:56:14 INFO  - jmeter.gui.util.MenuFactory: Skipping org.apache.jmeter.protocol.mongodb.sampler.MongoScriptSampler 
2016/11/06 21:56:14 INFO  - jmeter.gui.util.MenuFactory: Skipping org.apache.jmeter.visualizers.DistributionGraphVisualizer 
2016/11/06 21:56:14 INFO  - jmeter.samplers.SampleResult: Note: Sample TimeStamps are START times 
2016/11/06 21:56:14 INFO  - jmeter.samplers.SampleResult: sampleresult.default.encoding is set to ISO-8859-1 
2016/11/06 21:56:14 INFO  - jmeter.samplers.SampleResult: sampleresult.useNanoTime=true 
2016/11/06 21:56:14 INFO  - jmeter.samplers.SampleResult: sampleresult.nanoThreadSleep=5000 
2016/11/06 21:56:14 INFO  - jmeter.gui.util.MenuFactory: Skipping org.apache.jmeter.visualizers.SplineVisualizer 
2016/11/06 21:56:23 INFO  - jmeter.services.FileServer: Default base='/Users/nishanksingla/Desktop/ebay Lab2 MongoDB copy/RabbitMQ-BackEndServer' 
2016/11/06 21:56:23 INFO  - jmeter.gui.action.Load: Loading file: /Users/nishanksingla/Desktop/ebay Lab2 MongoDB copy/RabbitMQ-BackEndServer/Graph Results.jmx 
2016/11/06 21:56:23 INFO  - jmeter.services.FileServer: Set new base='/Users/nishanksingla/Desktop/ebay Lab2 MongoDB copy/RabbitMQ-BackEndServer' 
2016/11/06 21:56:23 INFO  - jmeter.save.SaveService: Testplan (JMX) version: 2.2. Testlog (JTL) version: 2.2 
2016/11/06 21:56:23 INFO  - jmeter.save.SaveService: Using SaveService properties file encoding UTF-8 
2016/11/06 21:56:23 INFO  - jmeter.save.SaveService: Using SaveService properties version 2.9 
2016/11/06 21:56:23 INFO  - jmeter.save.SaveService: All converter versions present and correct 
2016/11/06 21:56:23 INFO  - jmeter.save.SaveService: Loading file: /Users/nishanksingla/Desktop/ebay Lab2 MongoDB copy/RabbitMQ-BackEndServer/Graph Results.jmx 
2016/11/06 21:56:23 INFO  - jmeter.services.FileServer: Set new base='/Users/nishanksingla/Desktop/ebay Lab2 MongoDB copy/RabbitMQ-BackEndServer' 
2016/11/06 21:56:31 INFO  - jmeter.engine.StandardJMeterEngine: Running the test! 
2016/11/06 21:56:31 INFO  - jmeter.samplers.SampleEvent: List of sample_variables: [] 
2016/11/06 21:56:31 INFO  - jmeter.samplers.SampleEvent: List of sample_variables: [] 
2016/11/06 21:56:31 INFO  - jmeter.gui.util.JMeterMenuBar: setRunning(true,*local*) 
2016/11/06 21:56:31 INFO  - jmeter.engine.StandardJMeterEngine: Starting ThreadGroup: 1 : Thread Group 
2016/11/06 21:56:31 INFO  - jmeter.engine.StandardJMeterEngine: Starting 200 threads for group Thread Group. 
2016/11/06 21:56:31 INFO  - jmeter.engine.StandardJMeterEngine: Thread will continue on error 
2016/11/06 21:56:31 INFO  - jmeter.threads.ThreadGroup: Starting thread group number 1 threads 200 ramp-up 1 perThread 5.0 delayedStart=false 
2016/11/06 21:56:31 INFO  - jmeter.threads.JMeterThread: Thread started: Thread Group 1-1 
2016/11/06 21:56:31 INFO  - jmeter.threads.JMeterThread: Thread started: Thread Group 1-2 
2016/11/06 21:56:31 INFO  - jmeter.threads.JMeterThread: Thread started: Thread Group 1-3 
2016/11/06 21:56:31 INFO  - jmeter.protocol.http.sampler.HTTPHCAbstractImpl: Local host = Nishanks-MacBook-Pro.local 
2016/11/06 21:56:31 INFO  - jmeter.threads.JMeterThread: Thread started: Thread Group 1-4 
2016/11/06 21:56:31 INFO  - jmeter.threads.JMeterThread: Thread started: Thread Group 1-5 
2016/11/06 21:56:31 INFO  - jmeter.protocol.http.sampler.HTTPHC4Impl: HTTP request retry count = 0 
2016/11/06 21:56:31 INFO  - jmeter.threads.JMeterThread: Thread started: Thread Group 1-6 
2016/11/06 21:56:31 INFO  - jmeter.threads.JMeterThread: Thread started: Thread Group 1-7 
2016/11/06 21:56:31 INFO  - jmeter.threads.JMeterThread: Thread started: Thread Group 1-8 
2016/11/06 21:56:31 INFO  - jmeter.threads.JMeterThread: Thread started: Thread Group 1-9 
2016/11/06 21:56:31 INFO  - jmeter.threads.ThreadGroup: Started thread group number 1 
2016/11/06 21:56:31 INFO  - jmeter.engine.StandardJMeterEngine: All thread groups have been started 
2016/11/06 21:56:31 INFO  - jmeter.threads.JMeterThread: Thread started: Thread Group 1-10 
2016/11/06 21:56:31 INFO  - jmeter.threads.JMeterThread: Thread started: Thread Group 1-11 
2016/11/06 21:56:31 INFO  - jmeter.threads.JMeterThread: Thread started: Thread Group 1-12 
2016/11/06 21:56:31 INFO  - jmeter.threads.JMeterThread: Thread started: Thread Group 1-13 
2016/11/06 21:56:31 INFO  - jmeter.threads.JMeterThread: Thread started: Thread Group 1-14 
2016/11/06 21:56:31 INFO  - jmeter.threads.JMeterThread: Thread started: Thread Group 1-15 
2016/11/06 21:56:31 INFO  - jmeter.threads.JMeterThread: Thread started: Thread Group 1-16 
2016/11/06 21:56:32 INFO  - jmeter.threads.JMeterThread: Thread started: Thread Group 1-17 
2016/11/06 21:56:32 INFO  - jmeter.threads.JMeterThread: Thread started: Thread Group 1-18 
2016/11/06 21:56:32 INFO  - jmeter.threads.JMeterThread: Thread started: Thread Group 1-19 
2016/11/06 21:56:32 INFO  - jmeter.threads.JMeterThread: Thread started: Thread Group 1-20 
2016/11/06 21:56:32 INFO  - jmeter.threads.JMeterThread: Thread started: Thread Group 1-21 
2016/11/06 21:56:32 INFO  - jmeter.threads.JMeterThread: Thread started: Thread Group 1-22 
2016/11/06 21:56:32 INFO  - jmeter.threads.JMeterThread: Thread started: Thread Group 1-23 
2016/11/06 21:56:32 INFO  - jmeter.threads.JMeterThread: Thread started: Thread Group 1-28 
2016/11/06 21:56:32 INFO  - jmeter.threads.JMeterThread: Thread started: Thread Group 1-24 
2016/11/06 21:56:32 INFO  - jmeter.threads.JMeterThread: Thread started: Thread Group 1-29 
2016/11/06 21:56:32 INFO  - jmeter.threads.JMeterThread: Thread started: Thread Group 1-30 
2016/11/06 21:56:32 INFO  - jmeter.threads.JMeterThread: Thread started: Thread Group 1-25 
2016/11/06 21:56:32 INFO  - jmeter.threads.JMeterThread: Thread started: Thread Group 1-31 
2016/11/06 21:56:32 INFO  - jmeter.threads.JMeterThread: Thread started: Thread Group 1-26 
2016/11/06 21:56:32 INFO  - jmeter.threads.JMeterThread: Thread started: Thread Group 1-27 
2016/11/06 21:56:32 INFO  - jmeter.threads.JMeterThread: Thread started: Thread Group 1-32 
2016/11/06 21:56:32 INFO  - jmeter.threads.JMeterThread: Thread started: Thread Group 1-33 
2016/11/06 21:56:32 INFO  - jmeter.threads.JMeterThread: Thread started: Thread Group 1-34 
2016/11/06 21:56:32 INFO  - jmeter.threads.JMeterThread: Thread started: Thread Group 1-35 
2016/11/06 21:56:32 INFO  - jmeter.threads.JMeterThread: Thread started: Thread Group 1-36 
2016/11/06 21:56:32 INFO  - jmeter.threads.JMeterThread: Thread started: Thread Group 1-37 
2016/11/06 21:56:32 INFO  - jmeter.threads.JMeterThread: Thread started: Thread Group 1-38 
2016/11/06 21:56:32 INFO  - jmeter.threads.JMeterThread: Thread started: Thread Group 1-39 
2016/11/06 21:56:32 INFO  - jmeter.threads.JMeterThread: Thread started: Thread Group 1-40 
2016/11/06 21:56:32 INFO  - jmeter.threads.JMeterThread: Thread started: Thread Group 1-41 
2016/11/06 21:56:32 INFO  - jmeter.threads.JMeterThread: Thread started: Thread Group 1-42 
2016/11/06 21:56:32 INFO  - jmeter.threads.JMeterThread: Thread started: Thread Group 1-43 
2016/11/06 21:56:32 INFO  - jmeter.threads.JMeterThread: Thread started: Thread Group 1-44 
2016/11/06 21:56:32 INFO  - jmeter.threads.JMeterThread: Thread started: Thread Group 1-45 
2016/11/06 21:56:32 INFO  - jmeter.threads.JMeterThread: Thread started: Thread Group 1-46 
2016/11/06 21:56:32 INFO  - jmeter.threads.JMeterThread: Thread started: Thread Group 1-47 
2016/11/06 21:56:32 INFO  - jmeter.threads.JMeterThread: Thread started: Thread Group 1-48 
2016/11/06 21:56:32 INFO  - jmeter.threads.JMeterThread: Thread started: Thread Group 1-49 
2016/11/06 21:56:32 INFO  - jmeter.threads.JMeterThread: Thread started: Thread Group 1-50 
2016/11/06 21:56:32 INFO  - jmeter.threads.JMeterThread: Thread started: Thread Group 1-51 
2016/11/06 21:56:32 INFO  - jmeter.threads.JMeterThread: Thread started: Thread Group 1-52 
2016/11/06 21:56:32 INFO  - jmeter.threads.JMeterThread: Thread started: Thread Group 1-53 
2016/11/06 21:56:32 INFO  - jmeter.threads.JMeterThread: Thread started: Thread Group 1-54 
2016/11/06 21:56:32 INFO  - jmeter.threads.JMeterThread: Thread started: Thread Group 1-55 
2016/11/06 21:56:32 INFO  - jmeter.threads.JMeterThread: Thread started: Thread Group 1-56 
2016/11/06 21:56:32 INFO  - jmeter.threads.JMeterThread: Thread started: Thread Group 1-57 
2016/11/06 21:56:32 INFO  - jmeter.threads.JMeterThread: Thread started: Thread Group 1-58 
2016/11/06 21:56:32 INFO  - jmeter.threads.JMeterThread: Thread started: Thread Group 1-59 
2016/11/06 21:56:32 INFO  - jmeter.threads.JMeterThread: Thread started: Thread Group 1-60 
2016/11/06 21:56:32 INFO  - jmeter.threads.JMeterThread: Thread started: Thread Group 1-61 
2016/11/06 21:56:32 INFO  - jmeter.threads.JMeterThread: Thread started: Thread Group 1-62 
2016/11/06 21:56:32 INFO  - jmeter.threads.JMeterThread: Thread started: Thread Group 1-63 
2016/11/06 21:56:32 INFO  - jmeter.threads.JMeterThread: Thread started: Thread Group 1-64 
2016/11/06 21:56:32 INFO  - jmeter.threads.JMeterThread: Thread started: Thread Group 1-65 
2016/11/06 21:56:32 INFO  - jmeter.threads.JMeterThread: Thread started: Thread Group 1-66 
2016/11/06 21:56:32 INFO  - jmeter.threads.JMeterThread: Thread started: Thread Group 1-67 
2016/11/06 21:56:32 INFO  - jmeter.threads.JMeterThread: Thread started: Thread Group 1-68 
2016/11/06 21:56:32 INFO  - jmeter.threads.JMeterThread: Thread started: Thread Group 1-69 
2016/11/06 21:56:32 INFO  - jmeter.threads.JMeterThread: Thread started: Thread Group 1-70 
2016/11/06 21:56:32 INFO  - jmeter.threads.JMeterThread: Thread started: Thread Group 1-71 
2016/11/06 21:56:32 INFO  - jmeter.threads.JMeterThread: Thread started: Thread Group 1-72 
2016/11/06 21:56:32 INFO  - jmeter.threads.JMeterThread: Thread started: Thread Group 1-73 
2016/11/06 21:56:32 INFO  - jmeter.threads.JMeterThread: Thread started: Thread Group 1-74 
2016/11/06 21:56:32 INFO  - jmeter.threads.JMeterThread: Thread started: Thread Group 1-75 
2016/11/06 21:56:32 INFO  - jmeter.threads.JMeterThread: Thread started: Thread Group 1-76 
2016/11/06 21:56:32 INFO  - jmeter.threads.JMeterThread: Thread started: Thread Group 1-77 
2016/11/06 21:56:32 INFO  - jmeter.threads.JMeterThread: Thread started: Thread Group 1-78 
2016/11/06 21:56:32 INFO  - jmeter.threads.JMeterThread: Thread started: Thread Group 1-79 
2016/11/06 21:56:32 INFO  - jmeter.threads.JMeterThread: Thread started: Thread Group 1-80 
2016/11/06 21:56:32 INFO  - jmeter.threads.JMeterThread: Thread is done: Thread Group 1-29 
2016/11/06 21:56:32 INFO  - jmeter.threads.JMeterThread: Thread is done: Thread Group 1-14 
2016/11/06 21:56:32 INFO  - jmeter.threads.JMeterThread: Thread finished: Thread Group 1-14 
2016/11/06 21:56:32 INFO  - jmeter.threads.JMeterThread: Thread finished: Thread Group 1-29 
2016/11/06 21:56:32 INFO  - jmeter.threads.JMeterThread: Thread is done: Thread Group 1-7 
2016/11/06 21:56:32 INFO  - jmeter.threads.JMeterThread: Thread finished: Thread Group 1-7 
2016/11/06 21:56:32 INFO  - jmeter.threads.JMeterThread: Thread is done: Thread Group 1-44 
2016/11/06 21:56:32 INFO  - jmeter.threads.JMeterThread: Thread is done: Thread Group 1-40 
2016/11/06 21:56:32 INFO  - jmeter.threads.JMeterThread: Thread finished: Thread Group 1-44 
2016/11/06 21:56:32 INFO  - jmeter.threads.JMeterThread: Thread finished: Thread Group 1-40 
2016/11/06 21:56:32 INFO  - jmeter.threads.JMeterThread: Thread is done: Thread Group 1-34 
2016/11/06 21:56:32 INFO  - jmeter.threads.JMeterThread: Thread finished: Thread Group 1-34 
2016/11/06 21:56:32 INFO  - jmeter.threads.JMeterThread: Thread started: Thread Group 1-81 
2016/11/06 21:56:32 INFO  - jmeter.threads.JMeterThread: Thread started: Thread Group 1-82 
2016/11/06 21:56:32 INFO  - jmeter.threads.JMeterThread: Thread started: Thread Group 1-83 
2016/11/06 21:56:32 INFO  - jmeter.threads.JMeterThread: Thread started: Thread Group 1-84 
2016/11/06 21:56:32 INFO  - jmeter.threads.JMeterThread: Thread started: Thread Group 1-85 
2016/11/06 21:56:32 INFO  - jmeter.threads.JMeterThread: Thread started: Thread Group 1-86 
2016/11/06 21:56:32 INFO  - jmeter.threads.JMeterThread: Thread started: Thread Group 1-87 
2016/11/06 21:56:32 INFO  - jmeter.threads.JMeterThread: Thread started: Thread Group 1-88 
2016/11/06 21:56:32 INFO  - jmeter.threads.JMeterThread: Thread started: Thread Group 1-89 
2016/11/06 21:56:32 INFO  - jmeter.threads.JMeterThread: Thread started: Thread Group 1-90 
2016/11/06 21:56:32 INFO  - jmeter.threads.JMeterThread: Thread started: Thread Group 1-91 
2016/11/06 21:56:32 INFO  - jmeter.threads.JMeterThread: Thread started: Thread Group 1-92 
2016/11/06 21:56:32 INFO  - jmeter.threads.JMeterThread: Thread started: Thread Group 1-93 
2016/11/06 21:56:32 INFO  - jmeter.threads.JMeterThread: Thread started: Thread Group 1-94 
2016/11/06 21:56:32 INFO  - jmeter.threads.JMeterThread: Thread started: Thread Group 1-95 
2016/11/06 21:56:32 INFO  - jmeter.threads.JMeterThread: Thread started: Thread Group 1-96 
2016/11/06 21:56:32 INFO  - jmeter.threads.JMeterThread: Thread started: Thread Group 1-97 
2016/11/06 21:56:32 INFO  - jmeter.threads.JMeterThread: Thread started: Thread Group 1-98 
2016/11/06 21:56:32 INFO  - jmeter.threads.JMeterThread: Thread started: Thread Group 1-99 
2016/11/06 21:56:32 INFO  - jmeter.threads.JMeterThread: Thread started: Thread Group 1-100 
2016/11/06 21:56:32 INFO  - jmeter.threads.JMeterThread: Thread started: Thread Group 1-101 
2016/11/06 21:56:32 INFO  - jmeter.threads.JMeterThread: Thread started: Thread Group 1-102 
2016/11/06 21:56:32 INFO  - jmeter.threads.JMeterThread: Thread started: Thread Group 1-103 
2016/11/06 21:56:32 INFO  - jmeter.threads.JMeterThread: Thread started: Thread Group 1-104 
2016/11/06 21:56:32 INFO  - jmeter.threads.JMeterThread: Thread started: Thread Group 1-105 
2016/11/06 21:56:32 INFO  - jmeter.threads.JMeterThread: Thread started: Thread Group 1-106 
2016/11/06 21:56:32 INFO  - jmeter.threads.JMeterThread: Thread started: Thread Group 1-107 
2016/11/06 21:56:32 INFO  - jmeter.threads.JMeterThread: Thread started: Thread Group 1-108 
2016/11/06 21:56:32 INFO  - jmeter.threads.JMeterThread: Thread started: Thread Group 1-109 
2016/11/06 21:56:32 INFO  - jmeter.threads.JMeterThread: Thread started: Thread Group 1-110 
2016/11/06 21:56:32 INFO  - jmeter.threads.JMeterThread: Thread started: Thread Group 1-111 
2016/11/06 21:56:32 INFO  - jmeter.threads.JMeterThread: Thread started: Thread Group 1-112 
2016/11/06 21:56:32 INFO  - jmeter.threads.JMeterThread: Thread started: Thread Group 1-113 
2016/11/06 21:56:32 INFO  - jmeter.threads.JMeterThread: Thread started: Thread Group 1-114 
2016/11/06 21:56:32 INFO  - jmeter.threads.JMeterThread: Thread started: Thread Group 1-115 
2016/11/06 21:56:32 INFO  - jmeter.threads.JMeterThread: Thread started: Thread Group 1-116 
2016/11/06 21:56:32 INFO  - jmeter.threads.JMeterThread: Thread started: Thread Group 1-117 
2016/11/06 21:56:32 INFO  - jmeter.threads.JMeterThread: Thread started: Thread Group 1-118 
2016/11/06 21:56:32 INFO  - jmeter.threads.JMeterThread: Thread started: Thread Group 1-119 
2016/11/06 21:56:32 INFO  - jmeter.threads.JMeterThread: Thread started: Thread Group 1-120 
2016/11/06 21:56:32 INFO  - jmeter.threads.JMeterThread: Thread is done: Thread Group 1-13 
2016/11/06 21:56:32 INFO  - jmeter.threads.JMeterThread: Thread finished: Thread Group 1-13 
2016/11/06 21:56:32 INFO  - jmeter.threads.JMeterThread: Thread is done: Thread Group 1-21 
2016/11/06 21:56:32 INFO  - jmeter.threads.JMeterThread: Thread finished: Thread Group 1-21 
2016/11/06 21:56:32 INFO  - jmeter.threads.JMeterThread: Thread is done: Thread Group 1-51 
2016/11/06 21:56:32 INFO  - jmeter.threads.JMeterThread: Thread finished: Thread Group 1-51 
2016/11/06 21:56:32 INFO  - jmeter.threads.JMeterThread: Thread is done: Thread Group 1-47 
2016/11/06 21:56:32 INFO  - jmeter.threads.JMeterThread: Thread finished: Thread Group 1-47 
2016/11/06 21:56:32 INFO  - jmeter.threads.JMeterThread: Thread started: Thread Group 1-121 
2016/11/06 21:56:32 INFO  - jmeter.threads.JMeterThread: Thread is done: Thread Group 1-12 
2016/11/06 21:56:32 INFO  - jmeter.threads.JMeterThread: Thread finished: Thread Group 1-12 
2016/11/06 21:56:32 INFO  - jmeter.threads.JMeterThread: Thread is done: Thread Group 1-2 
2016/11/06 21:56:32 INFO  - jmeter.threads.JMeterThread: Thread finished: Thread Group 1-2 
2016/11/06 21:56:32 INFO  - jmeter.threads.JMeterThread: Thread started: Thread Group 1-122 
2016/11/06 21:56:32 INFO  - jmeter.threads.JMeterThread: Thread is done: Thread Group 1-33 
2016/11/06 21:56:32 INFO  - jmeter.threads.JMeterThread: Thread finished: Thread Group 1-33 
2016/11/06 21:56:32 INFO  - jmeter.threads.JMeterThread: Thread started: Thread Group 1-123 
2016/11/06 21:56:32 INFO  - jmeter.threads.JMeterThread: Thread is done: Thread Group 1-18 
2016/11/06 21:56:32 INFO  - jmeter.threads.JMeterThread: Thread finished: Thread Group 1-18 
2016/11/06 21:56:32 INFO  - jmeter.threads.JMeterThread: Thread is done: Thread Group 1-31 
2016/11/06 21:56:32 INFO  - jmeter.threads.JMeterThread: Thread finished: Thread Group 1-31 
2016/11/06 21:56:32 INFO  - jmeter.threads.JMeterThread: Thread started: Thread Group 1-124 
2016/11/06 21:56:32 INFO  - jmeter.threads.JMeterThread: Thread is done: Thread Group 1-11 
2016/11/06 21:56:32 INFO  - jmeter.threads.JMeterThread: Thread finished: Thread Group 1-11 
2016/11/06 21:56:32 INFO  - jmeter.threads.JMeterThread: Thread started: Thread Group 1-125 
2016/11/06 21:56:32 INFO  - jmeter.threads.JMeterThread: Thread is done: Thread Group 1-22 
2016/11/06 21:56:32 INFO  - jmeter.threads.JMeterThread: Thread finished: Thread Group 1-22 
2016/11/06 21:56:32 INFO  - jmeter.threads.JMeterThread: Thread started: Thread Group 1-126 
2016/11/06 21:56:32 INFO  - jmeter.threads.JMeterThread: Thread is done: Thread Group 1-46 
2016/11/06 21:56:32 INFO  - jmeter.threads.JMeterThread: Thread finished: Thread Group 1-46 
2016/11/06 21:56:32 INFO  - jmeter.threads.JMeterThread: Thread is done: Thread Group 1-19 
2016/11/06 21:56:32 INFO  - jmeter.threads.JMeterThread: Thread is done: Thread Group 1-36 
2016/11/06 21:56:32 INFO  - jmeter.threads.JMeterThread: Thread finished: Thread Group 1-19 
2016/11/06 21:56:32 INFO  - jmeter.threads.JMeterThread: Thread finished: Thread Group 1-36 
2016/11/06 21:56:32 INFO  - jmeter.threads.JMeterThread: Thread started: Thread Group 1-127 
2016/11/06 21:56:32 INFO  - jmeter.threads.JMeterThread: Thread is done: Thread Group 1-6 
2016/11/06 21:56:32 INFO  - jmeter.threads.JMeterThread: Thread finished: Thread Group 1-6 
2016/11/06 21:56:32 INFO  - jmeter.threads.JMeterThread: Thread started: Thread Group 1-128 
2016/11/06 21:56:32 INFO  - jmeter.threads.JMeterThread: Thread started: Thread Group 1-129 
2016/11/06 21:56:32 INFO  - jmeter.threads.JMeterThread: Thread started: Thread Group 1-130 
2016/11/06 21:56:32 INFO  - jmeter.threads.JMeterThread: Thread started: Thread Group 1-131 
2016/11/06 21:56:32 INFO  - jmeter.threads.JMeterThread: Thread started: Thread Group 1-132 
2016/11/06 21:56:32 INFO  - jmeter.threads.JMeterThread: Thread started: Thread Group 1-133 
2016/11/06 21:56:32 INFO  - jmeter.threads.JMeterThread: Thread started: Thread Group 1-134 
2016/11/06 21:56:32 INFO  - jmeter.threads.JMeterThread: Thread is done: Thread Group 1-15 
2016/11/06 21:56:32 INFO  - jmeter.threads.JMeterThread: Thread finished: Thread Group 1-15 
2016/11/06 21:56:32 INFO  - jmeter.threads.JMeterThread: Thread is done: Thread Group 1-45 
2016/11/06 21:56:32 INFO  - jmeter.threads.JMeterThread: Thread finished: Thread Group 1-45 
2016/11/06 21:56:32 INFO  - jmeter.threads.JMeterThread: Thread started: Thread Group 1-135 
2016/11/06 21:56:32 INFO  - jmeter.threads.JMeterThread: Thread is done: Thread Group 1-43 
2016/11/06 21:56:32 INFO  - jmeter.threads.JMeterThread: Thread finished: Thread Group 1-43 
2016/11/06 21:56:32 INFO  - jmeter.threads.JMeterThread: Thread is done: Thread Group 1-9 
2016/11/06 21:56:32 INFO  - jmeter.threads.JMeterThread: Thread finished: Thread Group 1-9 
2016/11/06 21:56:32 INFO  - jmeter.threads.JMeterThread: Thread is done: Thread Group 1-49 
2016/11/06 21:56:32 INFO  - jmeter.threads.JMeterThread: Thread finished: Thread Group 1-49 
2016/11/06 21:56:32 INFO  - jmeter.threads.JMeterThread: Thread started: Thread Group 1-136 
2016/11/06 21:56:32 INFO  - jmeter.threads.JMeterThread: Thread is done: Thread Group 1-38 
2016/11/06 21:56:32 INFO  - jmeter.threads.JMeterThread: Thread finished: Thread Group 1-38 
2016/11/06 21:56:32 INFO  - jmeter.threads.JMeterThread: Thread started: Thread Group 1-137 
2016/11/06 21:56:32 INFO  - jmeter.threads.JMeterThread: Thread is done: Thread Group 1-3 
2016/11/06 21:56:32 INFO  - jmeter.threads.JMeterThread: Thread finished: Thread Group 1-3 
2016/11/06 21:56:32 INFO  - jmeter.threads.JMeterThread: Thread is done: Thread Group 1-10 
2016/11/06 21:56:32 INFO  - jmeter.threads.JMeterThread: Thread finished: Thread Group 1-10 
2016/11/06 21:56:32 INFO  - jmeter.threads.JMeterThread: Thread is done: Thread Group 1-32 
2016/11/06 21:56:32 INFO  - jmeter.threads.JMeterThread: Thread finished: Thread Group 1-32 
2016/11/06 21:56:32 INFO  - jmeter.threads.JMeterThread: Thread started: Thread Group 1-138 
2016/11/06 21:56:32 INFO  - jmeter.threads.JMeterThread: Thread is done: Thread Group 1-5 
2016/11/06 21:56:32 INFO  - jmeter.threads.JMeterThread: Thread finished: Thread Group 1-5 
2016/11/06 21:56:32 INFO  - jmeter.threads.JMeterThread: Thread is done: Thread Group 1-27 
2016/11/06 21:56:32 INFO  - jmeter.threads.JMeterThread: Thread finished: Thread Group 1-27 
2016/11/06 21:56:32 INFO  - jmeter.threads.JMeterThread: Thread is done: Thread Group 1-23 
2016/11/06 21:56:32 INFO  - jmeter.threads.JMeterThread: Thread started: Thread Group 1-139 
2016/11/06 21:56:32 INFO  - jmeter.threads.JMeterThread: Thread finished: Thread Group 1-23 
2016/11/06 21:56:32 INFO  - jmeter.threads.JMeterThread: Thread is done: Thread Group 1-35 
2016/11/06 21:56:32 INFO  - jmeter.threads.JMeterThread: Thread finished: Thread Group 1-35 
2016/11/06 21:56:32 INFO  - jmeter.threads.JMeterThread: Thread is done: Thread Group 1-8 
2016/11/06 21:56:32 INFO  - jmeter.threads.JMeterThread: Thread finished: Thread Group 1-8 
2016/11/06 21:56:32 INFO  - jmeter.threads.JMeterThread: Thread is done: Thread Group 1-54 
2016/11/06 21:56:32 INFO  - jmeter.threads.JMeterThread: Thread finished: Thread Group 1-54 
2016/11/06 21:56:32 INFO  - jmeter.threads.JMeterThread: Thread started: Thread Group 1-140 
2016/11/06 21:56:32 INFO  - jmeter.threads.JMeterThread: Thread is done: Thread Group 1-20 
2016/11/06 21:56:32 INFO  - jmeter.threads.JMeterThread: Thread finished: Thread Group 1-20 
2016/11/06 21:56:32 INFO  - jmeter.threads.JMeterThread: Thread started: Thread Group 1-141 
2016/11/06 21:56:32 INFO  - jmeter.threads.JMeterThread: Thread is done: Thread Group 1-17 
2016/11/06 21:56:32 INFO  - jmeter.threads.JMeterThread: Thread finished: Thread Group 1-17 
2016/11/06 21:56:32 INFO  - jmeter.threads.JMeterThread: Thread is done: Thread Group 1-50 
2016/11/06 21:56:32 INFO  - jmeter.threads.JMeterThread: Thread finished: Thread Group 1-50 
2016/11/06 21:56:32 INFO  - jmeter.threads.JMeterThread: Thread started: Thread Group 1-142 
2016/11/06 21:56:32 INFO  - jmeter.threads.JMeterThread: Thread is done: Thread Group 1-1 
2016/11/06 21:56:32 INFO  - jmeter.threads.JMeterThread: Thread finished: Thread Group 1-1 
2016/11/06 21:56:32 INFO  - jmeter.threads.JMeterThread: Thread is done: Thread Group 1-53 
2016/11/06 21:56:32 INFO  - jmeter.threads.JMeterThread: Thread finished: Thread Group 1-53 
2016/11/06 21:56:32 INFO  - jmeter.threads.JMeterThread: Thread started: Thread Group 1-143 
2016/11/06 21:56:32 INFO  - jmeter.threads.JMeterThread: Thread is done: Thread Group 1-30 
2016/11/06 21:56:32 INFO  - jmeter.threads.JMeterThread: Thread finished: Thread Group 1-30 
2016/11/06 21:56:32 INFO  - jmeter.threads.JMeterThread: Thread started: Thread Group 1-144 
2016/11/06 21:56:32 INFO  - jmeter.threads.JMeterThread: Thread started: Thread Group 1-145 
2016/11/06 21:56:32 INFO  - jmeter.threads.JMeterThread: Thread is done: Thread Group 1-52 
2016/11/06 21:56:32 INFO  - jmeter.threads.JMeterThread: Thread finished: Thread Group 1-52 
2016/11/06 21:56:32 INFO  - jmeter.threads.JMeterThread: Thread started: Thread Group 1-146 
2016/11/06 21:56:32 INFO  - jmeter.threads.JMeterThread: Thread started: Thread Group 1-147 
2016/11/06 21:56:32 INFO  - jmeter.threads.JMeterThread: Thread started: Thread Group 1-148 
2016/11/06 21:56:32 INFO  - jmeter.threads.JMeterThread: Thread started: Thread Group 1-149 
2016/11/06 21:56:32 INFO  - jmeter.threads.JMeterThread: Thread started: Thread Group 1-150 
2016/11/06 21:56:32 INFO  - jmeter.threads.JMeterThread: Thread started: Thread Group 1-151 
2016/11/06 21:56:32 INFO  - jmeter.threads.JMeterThread: Thread started: Thread Group 1-152 
2016/11/06 21:56:32 INFO  - jmeter.threads.JMeterThread: Thread started: Thread Group 1-153 
2016/11/06 21:56:32 INFO  - jmeter.threads.JMeterThread: Thread started: Thread Group 1-154 
2016/11/06 21:56:32 INFO  - jmeter.threads.JMeterThread: Thread started: Thread Group 1-155 
2016/11/06 21:56:32 INFO  - jmeter.threads.JMeterThread: Thread started: Thread Group 1-156 
2016/11/06 21:56:32 INFO  - jmeter.threads.JMeterThread: Thread started: Thread Group 1-157 
2016/11/06 21:56:32 INFO  - jmeter.threads.JMeterThread: Thread started: Thread Group 1-158 
2016/11/06 21:56:32 INFO  - jmeter.threads.JMeterThread: Thread started: Thread Group 1-159 
2016/11/06 21:56:32 INFO  - jmeter.threads.JMeterThread: Thread started: Thread Group 1-160 
2016/11/06 21:56:32 INFO  - jmeter.threads.JMeterThread: Thread started: Thread Group 1-161 
2016/11/06 21:56:32 INFO  - jmeter.threads.JMeterThread: Thread is done: Thread Group 1-37 
2016/11/06 21:56:32 INFO  - jmeter.threads.JMeterThread: Thread finished: Thread Group 1-37 
2016/11/06 21:56:32 INFO  - jmeter.threads.JMeterThread: Thread started: Thread Group 1-162 
2016/11/06 21:56:32 INFO  - jmeter.threads.JMeterThread: Thread is done: Thread Group 1-39 
2016/11/06 21:56:32 INFO  - jmeter.threads.JMeterThread: Thread finished: Thread Group 1-39 
2016/11/06 21:56:32 INFO  - jmeter.threads.JMeterThread: Thread is done: Thread Group 1-41 
2016/11/06 21:56:32 INFO  - jmeter.threads.JMeterThread: Thread finished: Thread Group 1-41 
2016/11/06 21:56:32 INFO  - jmeter.threads.JMeterThread: Thread is done: Thread Group 1-16 
2016/11/06 21:56:32 INFO  - jmeter.threads.JMeterThread: Thread finished: Thread Group 1-16 
2016/11/06 21:56:32 INFO  - jmeter.threads.JMeterThread: Thread started: Thread Group 1-163 
2016/11/06 21:56:32 INFO  - jmeter.threads.JMeterThread: Thread started: Thread Group 1-164 
2016/11/06 21:56:32 INFO  - jmeter.threads.JMeterThread: Thread is done: Thread Group 1-4 
2016/11/06 21:56:32 INFO  - jmeter.threads.JMeterThread: Thread finished: Thread Group 1-4 
2016/11/06 21:56:32 INFO  - jmeter.threads.JMeterThread: Thread started: Thread Group 1-165 
2016/11/06 21:56:32 INFO  - jmeter.threads.JMeterThread: Thread is done: Thread Group 1-25 
2016/11/06 21:56:32 INFO  - jmeter.threads.JMeterThread: Thread finished: Thread Group 1-25 
2016/11/06 21:56:32 INFO  - jmeter.threads.JMeterThread: Thread is done: Thread Group 1-28 
2016/11/06 21:56:32 INFO  - jmeter.threads.JMeterThread: Thread finished: Thread Group 1-28 
2016/11/06 21:56:32 INFO  - jmeter.threads.JMeterThread: Thread is done: Thread Group 1-48 
2016/11/06 21:56:32 INFO  - jmeter.threads.JMeterThread: Thread finished: Thread Group 1-48 
2016/11/06 21:56:32 INFO  - jmeter.threads.JMeterThread: Thread is done: Thread Group 1-24 
2016/11/06 21:56:32 INFO  - jmeter.threads.JMeterThread: Thread finished: Thread Group 1-24 
2016/11/06 21:56:32 INFO  - jmeter.threads.JMeterThread: Thread started: Thread Group 1-166 
2016/11/06 21:56:32 INFO  - jmeter.threads.JMeterThread: Thread is done: Thread Group 1-26 
2016/11/06 21:56:32 INFO  - jmeter.threads.JMeterThread: Thread finished: Thread Group 1-26 
2016/11/06 21:56:32 INFO  - jmeter.threads.JMeterThread: Thread started: Thread Group 1-167 
2016/11/06 21:56:32 INFO  - jmeter.threads.JMeterThread: Thread started: Thread Group 1-168 
2016/11/06 21:56:32 INFO  - jmeter.threads.JMeterThread: Thread started: Thread Group 1-169 
2016/11/06 21:56:32 INFO  - jmeter.threads.JMeterThread: Thread is done: Thread Group 1-42 
2016/11/06 21:56:32 INFO  - jmeter.threads.JMeterThread: Thread finished: Thread Group 1-42 
2016/11/06 21:56:32 INFO  - jmeter.threads.JMeterThread: Thread is done: Thread Group 1-55 
2016/11/06 21:56:32 INFO  - jmeter.threads.JMeterThread: Thread finished: Thread Group 1-55 
2016/11/06 21:56:32 INFO  - jmeter.threads.JMeterThread: Thread started: Thread Group 1-170 
2016/11/06 21:56:32 INFO  - jmeter.threads.JMeterThread: Thread started: Thread Group 1-171 
2016/11/06 21:56:32 INFO  - jmeter.threads.JMeterThread: Thread is done: Thread Group 1-56 
2016/11/06 21:56:32 INFO  - jmeter.threads.JMeterThread: Thread finished: Thread Group 1-56 
2016/11/06 21:56:32 INFO  - jmeter.threads.JMeterThread: Thread started: Thread Group 1-172 
2016/11/06 21:56:32 INFO  - jmeter.threads.JMeterThread: Thread is done: Thread Group 1-57 
2016/11/06 21:56:32 INFO  - jmeter.threads.JMeterThread: Thread finished: Thread Group 1-57 
2016/11/06 21:56:32 INFO  - jmeter.threads.JMeterThread: Thread started: Thread Group 1-173 
2016/11/06 21:56:32 INFO  - jmeter.threads.JMeterThread: Thread started: Thread Group 1-174 
2016/11/06 21:56:32 INFO  - jmeter.threads.JMeterThread: Thread started: Thread Group 1-175 
2016/11/06 21:56:32 INFO  - jmeter.threads.JMeterThread: Thread started: Thread Group 1-176 
2016/11/06 21:56:32 INFO  - jmeter.threads.JMeterThread: Thread started: Thread Group 1-177 
2016/11/06 21:56:32 INFO  - jmeter.threads.JMeterThread: Thread started: Thread Group 1-178 
2016/11/06 21:56:32 INFO  - jmeter.threads.JMeterThread: Thread started: Thread Group 1-179 
2016/11/06 21:56:32 INFO  - jmeter.threads.JMeterThread: Thread started: Thread Group 1-180 
2016/11/06 21:56:32 INFO  - jmeter.threads.JMeterThread: Thread started: Thread Group 1-181 
2016/11/06 21:56:32 INFO  - jmeter.threads.JMeterThread: Thread started: Thread Group 1-182 
2016/11/06 21:56:32 INFO  - jmeter.threads.JMeterThread: Thread started: Thread Group 1-183 
2016/11/06 21:56:32 INFO  - jmeter.threads.JMeterThread: Thread started: Thread Group 1-184 
2016/11/06 21:56:32 INFO  - jmeter.threads.JMeterThread: Thread started: Thread Group 1-185 
2016/11/06 21:56:32 INFO  - jmeter.threads.JMeterThread: Thread started: Thread Group 1-186 
2016/11/06 21:56:32 INFO  - jmeter.threads.JMeterThread: Thread started: Thread Group 1-187 
2016/11/06 21:56:32 INFO  - jmeter.threads.JMeterThread: Thread started: Thread Group 1-188 
2016/11/06 21:56:32 INFO  - jmeter.threads.JMeterThread: Thread started: Thread Group 1-189 
2016/11/06 21:56:32 INFO  - jmeter.threads.JMeterThread: Thread started: Thread Group 1-190 
2016/11/06 21:56:32 INFO  - jmeter.threads.JMeterThread: Thread started: Thread Group 1-191 
2016/11/06 21:56:32 INFO  - jmeter.threads.JMeterThread: Thread started: Thread Group 1-192 
2016/11/06 21:56:32 INFO  - jmeter.threads.JMeterThread: Thread started: Thread Group 1-193 
2016/11/06 21:56:32 INFO  - jmeter.threads.JMeterThread: Thread started: Thread Group 1-194 
2016/11/06 21:56:32 INFO  - jmeter.threads.JMeterThread: Thread started: Thread Group 1-195 
2016/11/06 21:56:32 INFO  - jmeter.threads.JMeterThread: Thread started: Thread Group 1-196 
2016/11/06 21:56:32 INFO  - jmeter.threads.JMeterThread: Thread started: Thread Group 1-197 
2016/11/06 21:56:32 INFO  - jmeter.threads.JMeterThread: Thread is done: Thread Group 1-58 
2016/11/06 21:56:32 INFO  - jmeter.threads.JMeterThread: Thread finished: Thread Group 1-58 
2016/11/06 21:56:32 INFO  - jmeter.threads.JMeterThread: Thread is done: Thread Group 1-59 
2016/11/06 21:56:32 INFO  - jmeter.threads.JMeterThread: Thread finished: Thread Group 1-59 
2016/11/06 21:56:32 INFO  - jmeter.threads.JMeterThread: Thread is done: Thread Group 1-60 
2016/11/06 21:56:32 INFO  - jmeter.threads.JMeterThread: Thread finished: Thread Group 1-60 
2016/11/06 21:56:32 INFO  - jmeter.threads.JMeterThread: Thread is done: Thread Group 1-61 
2016/11/06 21:56:32 INFO  - jmeter.threads.JMeterThread: Thread finished: Thread Group 1-61 
2016/11/06 21:56:32 INFO  - jmeter.threads.JMeterThread: Thread started: Thread Group 1-198 
2016/11/06 21:56:32 INFO  - jmeter.threads.JMeterThread: Thread is done: Thread Group 1-62 
2016/11/06 21:56:32 INFO  - jmeter.threads.JMeterThread: Thread finished: Thread Group 1-62 
2016/11/06 21:56:32 INFO  - jmeter.threads.JMeterThread: Thread is done: Thread Group 1-63 
2016/11/06 21:56:32 INFO  - jmeter.threads.JMeterThread: Thread finished: Thread Group 1-63 
2016/11/06 21:56:32 INFO  - jmeter.threads.JMeterThread: Thread is done: Thread Group 1-64 
2016/11/06 21:56:32 INFO  - jmeter.threads.JMeterThread: Thread finished: Thread Group 1-64 
2016/11/06 21:56:32 INFO  - jmeter.threads.JMeterThread: Thread is done: Thread Group 1-65 
2016/11/06 21:56:32 INFO  - jmeter.threads.JMeterThread: Thread finished: Thread Group 1-65 
2016/11/06 21:56:32 INFO  - jmeter.threads.JMeterThread: Thread is done: Thread Group 1-66 
2016/11/06 21:56:32 INFO  - jmeter.threads.JMeterThread: Thread finished: Thread Group 1-66 
2016/11/06 21:56:32 INFO  - jmeter.threads.JMeterThread: Thread is done: Thread Group 1-67 
2016/11/06 21:56:32 INFO  - jmeter.threads.JMeterThread: Thread finished: Thread Group 1-67 
2016/11/06 21:56:32 INFO  - jmeter.threads.JMeterThread: Thread started: Thread Group 1-199 
2016/11/06 21:56:32 INFO  - jmeter.threads.JMeterThread: Thread is done: Thread Group 1-68 
2016/11/06 21:56:32 INFO  - jmeter.threads.JMeterThread: Thread finished: Thread Group 1-68 
2016/11/06 21:56:32 INFO  - jmeter.threads.JMeterThread: Thread is done: Thread Group 1-69 
2016/11/06 21:56:32 INFO  - jmeter.threads.JMeterThread: Thread finished: Thread Group 1-69 
2016/11/06 21:56:32 INFO  - jmeter.threads.JMeterThread: Thread started: Thread Group 1-200 
2016/11/06 21:56:33 INFO  - jmeter.threads.JMeterThread: Thread is done: Thread Group 1-70 
2016/11/06 21:56:33 INFO  - jmeter.threads.JMeterThread: Thread finished: Thread Group 1-70 
2016/11/06 21:56:33 INFO  - jmeter.threads.JMeterThread: Thread is done: Thread Group 1-71 
2016/11/06 21:56:33 INFO  - jmeter.threads.JMeterThread: Thread finished: Thread Group 1-71 
2016/11/06 21:56:33 INFO  - jmeter.threads.JMeterThread: Thread is done: Thread Group 1-72 
2016/11/06 21:56:33 INFO  - jmeter.threads.JMeterThread: Thread finished: Thread Group 1-72 
2016/11/06 21:56:33 INFO  - jmeter.threads.JMeterThread: Thread is done: Thread Group 1-73 
2016/11/06 21:56:33 INFO  - jmeter.threads.JMeterThread: Thread finished: Thread Group 1-73 
2016/11/06 21:56:33 INFO  - jmeter.threads.JMeterThread: Thread is done: Thread Group 1-74 
2016/11/06 21:56:33 INFO  - jmeter.threads.JMeterThread: Thread finished: Thread Group 1-74 
2016/11/06 21:56:33 INFO  - jmeter.threads.JMeterThread: Thread is done: Thread Group 1-75 
2016/11/06 21:56:33 INFO  - jmeter.threads.JMeterThread: Thread finished: Thread Group 1-75 
2016/11/06 21:56:33 INFO  - jmeter.threads.JMeterThread: Thread is done: Thread Group 1-76 
2016/11/06 21:56:33 INFO  - jmeter.threads.JMeterThread: Thread finished: Thread Group 1-76 
2016/11/06 21:56:33 INFO  - jmeter.threads.JMeterThread: Thread is done: Thread Group 1-77 
2016/11/06 21:56:33 INFO  - jmeter.threads.JMeterThread: Thread finished: Thread Group 1-77 
2016/11/06 21:56:33 INFO  - jmeter.threads.JMeterThread: Thread is done: Thread Group 1-78 
2016/11/06 21:56:33 INFO  - jmeter.threads.JMeterThread: Thread finished: Thread Group 1-78 
2016/11/06 21:56:33 INFO  - jmeter.threads.JMeterThread: Thread is done: Thread Group 1-79 
2016/11/06 21:56:33 INFO  - jmeter.threads.JMeterThread: Thread finished: Thread Group 1-79 
2016/11/06 21:56:33 INFO  - jmeter.threads.JMeterThread: Thread is done: Thread Group 1-80 
2016/11/06 21:56:33 INFO  - jmeter.threads.JMeterThread: Thread finished: Thread Group 1-80 
2016/11/06 21:56:33 INFO  - jmeter.threads.JMeterThread: Thread is done: Thread Group 1-81 
2016/11/06 21:56:33 INFO  - jmeter.threads.JMeterThread: Thread finished: Thread Group 1-81 
2016/11/06 21:56:33 INFO  - jmeter.threads.JMeterThread: Thread is done: Thread Group 1-82 
2016/11/06 21:56:33 INFO  - jmeter.threads.JMeterThread: Thread finished: Thread Group 1-82 
2016/11/06 21:56:33 INFO  - jmeter.threads.JMeterThread: Thread is done: Thread Group 1-83 
2016/11/06 21:56:33 INFO  - jmeter.threads.JMeterThread: Thread finished: Thread Group 1-83 
2016/11/06 21:56:33 INFO  - jmeter.threads.JMeterThread: Thread is done: Thread Group 1-84 
2016/11/06 21:56:33 INFO  - jmeter.threads.JMeterThread: Thread finished: Thread Group 1-84 
2016/11/06 21:56:33 INFO  - jmeter.threads.JMeterThread: Thread is done: Thread Group 1-85 
2016/11/06 21:56:33 INFO  - jmeter.threads.JMeterThread: Thread finished: Thread Group 1-85 
2016/11/06 21:56:33 INFO  - jmeter.threads.JMeterThread: Thread is done: Thread Group 1-86 
2016/11/06 21:56:33 INFO  - jmeter.threads.JMeterThread: Thread finished: Thread Group 1-86 
2016/11/06 21:56:33 INFO  - jmeter.threads.JMeterThread: Thread is done: Thread Group 1-87 
2016/11/06 21:56:33 INFO  - jmeter.threads.JMeterThread: Thread finished: Thread Group 1-87 
2016/11/06 21:56:33 INFO  - jmeter.threads.JMeterThread: Thread is done: Thread Group 1-88 
2016/11/06 21:56:33 INFO  - jmeter.threads.JMeterThread: Thread finished: Thread Group 1-88 
2016/11/06 21:56:33 INFO  - jmeter.threads.JMeterThread: Thread is done: Thread Group 1-89 
2016/11/06 21:56:33 INFO  - jmeter.threads.JMeterThread: Thread finished: Thread Group 1-89 
2016/11/06 21:56:33 INFO  - jmeter.threads.JMeterThread: Thread is done: Thread Group 1-90 
2016/11/06 21:56:33 INFO  - jmeter.threads.JMeterThread: Thread finished: Thread Group 1-90 
2016/11/06 21:56:33 INFO  - jmeter.threads.JMeterThread: Thread is done: Thread Group 1-91 
2016/11/06 21:56:33 INFO  - jmeter.threads.JMeterThread: Thread finished: Thread Group 1-91 
2016/11/06 21:56:33 INFO  - jmeter.threads.JMeterThread: Thread is done: Thread Group 1-92 
2016/11/06 21:56:33 INFO  - jmeter.threads.JMeterThread: Thread finished: Thread Group 1-92 
2016/11/06 21:56:33 INFO  - jmeter.threads.JMeterThread: Thread is done: Thread Group 1-93 
2016/11/06 21:56:33 INFO  - jmeter.threads.JMeterThread: Thread finished: Thread Group 1-93 
2016/11/06 21:56:33 INFO  - jmeter.threads.JMeterThread: Thread is done: Thread Group 1-94 
2016/11/06 21:56:33 INFO  - jmeter.threads.JMeterThread: Thread finished: Thread Group 1-94 
2016/11/06 21:56:33 INFO  - jmeter.threads.JMeterThread: Thread is done: Thread Group 1-95 
2016/11/06 21:56:33 INFO  - jmeter.threads.JMeterThread: Thread finished: Thread Group 1-95 
2016/11/06 21:56:33 INFO  - jmeter.threads.JMeterThread: Thread is done: Thread Group 1-96 
2016/11/06 21:56:33 INFO  - jmeter.threads.JMeterThread: Thread finished: Thread Group 1-96 
2016/11/06 21:56:33 INFO  - jmeter.threads.JMeterThread: Thread is done: Thread Group 1-97 
2016/11/06 21:56:33 INFO  - jmeter.threads.JMeterThread: Thread finished: Thread Group 1-97 
2016/11/06 21:56:33 INFO  - jmeter.threads.JMeterThread: Thread is done: Thread Group 1-98 
2016/11/06 21:56:33 INFO  - jmeter.threads.JMeterThread: Thread finished: Thread Group 1-98 
2016/11/06 21:56:33 INFO  - jmeter.threads.JMeterThread: Thread is done: Thread Group 1-99 
2016/11/06 21:56:33 INFO  - jmeter.threads.JMeterThread: Thread finished: Thread Group 1-99 
2016/11/06 21:56:33 INFO  - jmeter.threads.JMeterThread: Thread is done: Thread Group 1-100 
2016/11/06 21:56:33 INFO  - jmeter.threads.JMeterThread: Thread finished: Thread Group 1-100 
2016/11/06 21:56:33 INFO  - jmeter.threads.JMeterThread: Thread is done: Thread Group 1-101 
2016/11/06 21:56:33 INFO  - jmeter.threads.JMeterThread: Thread finished: Thread Group 1-101 
2016/11/06 21:56:33 INFO  - jmeter.threads.JMeterThread: Thread is done: Thread Group 1-102 
2016/11/06 21:56:33 INFO  - jmeter.threads.JMeterThread: Thread finished: Thread Group 1-102 
2016/11/06 21:56:33 INFO  - jmeter.threads.JMeterThread: Thread is done: Thread Group 1-103 
2016/11/06 21:56:33 INFO  - jmeter.threads.JMeterThread: Thread finished: Thread Group 1-103 
2016/11/06 21:56:33 INFO  - jmeter.threads.JMeterThread: Thread is done: Thread Group 1-104 
2016/11/06 21:56:33 INFO  - jmeter.threads.JMeterThread: Thread finished: Thread Group 1-104 
2016/11/06 21:56:33 INFO  - jmeter.threads.JMeterThread: Thread is done: Thread Group 1-105 
2016/11/06 21:56:33 INFO  - jmeter.threads.JMeterThread: Thread finished: Thread Group 1-105 
2016/11/06 21:56:33 INFO  - jmeter.threads.JMeterThread: Thread is done: Thread Group 1-106 
2016/11/06 21:56:33 INFO  - jmeter.threads.JMeterThread: Thread finished: Thread Group 1-106 
2016/11/06 21:56:33 INFO  - jmeter.threads.JMeterThread: Thread is done: Thread Group 1-107 
2016/11/06 21:56:33 INFO  - jmeter.threads.JMeterThread: Thread finished: Thread Group 1-107 
2016/11/06 21:56:33 INFO  - jmeter.threads.JMeterThread: Thread is done: Thread Group 1-108 
2016/11/06 21:56:33 INFO  - jmeter.threads.JMeterThread: Thread finished: Thread Group 1-108 
2016/11/06 21:56:33 INFO  - jmeter.threads.JMeterThread: Thread is done: Thread Group 1-109 
2016/11/06 21:56:33 INFO  - jmeter.threads.JMeterThread: Thread finished: Thread Group 1-109 
2016/11/06 21:56:33 INFO  - jmeter.threads.JMeterThread: Thread is done: Thread Group 1-110 
2016/11/06 21:56:33 INFO  - jmeter.threads.JMeterThread: Thread finished: Thread Group 1-110 
2016/11/06 21:56:33 INFO  - jmeter.threads.JMeterThread: Thread is done: Thread Group 1-111 
2016/11/06 21:56:33 INFO  - jmeter.threads.JMeterThread: Thread finished: Thread Group 1-111 
2016/11/06 21:56:33 INFO  - jmeter.threads.JMeterThread: Thread is done: Thread Group 1-112 
2016/11/06 21:56:33 INFO  - jmeter.threads.JMeterThread: Thread finished: Thread Group 1-112 
2016/11/06 21:56:33 INFO  - jmeter.threads.JMeterThread: Thread is done: Thread Group 1-113 
2016/11/06 21:56:33 INFO  - jmeter.threads.JMeterThread: Thread finished: Thread Group 1-113 
2016/11/06 21:56:33 INFO  - jmeter.threads.JMeterThread: Thread is done: Thread Group 1-114 
2016/11/06 21:56:33 INFO  - jmeter.threads.JMeterThread: Thread finished: Thread Group 1-114 
2016/11/06 21:56:33 INFO  - jmeter.threads.JMeterThread: Thread is done: Thread Group 1-115 
2016/11/06 21:56:33 INFO  - jmeter.threads.JMeterThread: Thread finished: Thread Group 1-115 
2016/11/06 21:56:33 INFO  - jmeter.threads.JMeterThread: Thread is done: Thread Group 1-116 
2016/11/06 21:56:33 INFO  - jmeter.threads.JMeterThread: Thread finished: Thread Group 1-116 
2016/11/06 21:56:33 INFO  - jmeter.threads.JMeterThread: Thread is done: Thread Group 1-117 
2016/11/06 21:56:33 INFO  - jmeter.threads.JMeterThread: Thread finished: Thread Group 1-117 
2016/11/06 21:56:33 INFO  - jmeter.threads.JMeterThread: Thread is done: Thread Group 1-122 
2016/11/06 21:56:33 INFO  - jmeter.threads.JMeterThread: Thread finished: Thread Group 1-122 
2016/11/06 21:56:33 INFO  - jmeter.threads.JMeterThread: Thread is done: Thread Group 1-118 
2016/11/06 21:56:33 INFO  - jmeter.threads.JMeterThread: Thread finished: Thread Group 1-118 
2016/11/06 21:56:33 INFO  - jmeter.threads.JMeterThread: Thread is done: Thread Group 1-123 
2016/11/06 21:56:33 INFO  - jmeter.threads.JMeterThread: Thread finished: Thread Group 1-123 
2016/11/06 21:56:33 INFO  - jmeter.threads.JMeterThread: Thread is done: Thread Group 1-119 
2016/11/06 21:56:33 INFO  - jmeter.threads.JMeterThread: Thread finished: Thread Group 1-119 
2016/11/06 21:56:33 INFO  - jmeter.threads.JMeterThread: Thread is done: Thread Group 1-124 
2016/11/06 21:56:33 INFO  - jmeter.threads.JMeterThread: Thread finished: Thread Group 1-124 
2016/11/06 21:56:33 INFO  - jmeter.threads.JMeterThread: Thread is done: Thread Group 1-120 
2016/11/06 21:56:33 INFO  - jmeter.threads.JMeterThread: Thread finished: Thread Group 1-120 
2016/11/06 21:56:33 INFO  - jmeter.threads.JMeterThread: Thread is done: Thread Group 1-125 
2016/11/06 21:56:33 INFO  - jmeter.threads.JMeterThread: Thread finished: Thread Group 1-125 
2016/11/06 21:56:33 INFO  - jmeter.threads.JMeterThread: Thread is done: Thread Group 1-121 
2016/11/06 21:56:33 INFO  - jmeter.threads.JMeterThread: Thread finished: Thread Group 1-121 
2016/11/06 21:56:33 INFO  - jmeter.threads.JMeterThread: Thread is done: Thread Group 1-126 
2016/11/06 21:56:33 INFO  - jmeter.threads.JMeterThread: Thread finished: Thread Group 1-126 
2016/11/06 21:56:33 INFO  - jmeter.threads.JMeterThread: Thread is done: Thread Group 1-127 
2016/11/06 21:56:33 INFO  - jmeter.threads.JMeterThread: Thread finished: Thread Group 1-127 
2016/11/06 21:56:33 INFO  - jmeter.threads.JMeterThread: Thread is done: Thread Group 1-132 
2016/11/06 21:56:33 INFO  - jmeter.threads.JMeterThread: Thread finished: Thread Group 1-132 
2016/11/06 21:56:33 INFO  - jmeter.threads.JMeterThread: Thread is done: Thread Group 1-137 
2016/11/06 21:56:33 INFO  - jmeter.threads.JMeterThread: Thread finished: Thread Group 1-137 
2016/11/06 21:56:33 INFO  - jmeter.threads.JMeterThread: Thread is done: Thread Group 1-142 
2016/11/06 21:56:33 INFO  - jmeter.threads.JMeterThread: Thread finished: Thread Group 1-142 
2016/11/06 21:56:33 INFO  - jmeter.threads.JMeterThread: Thread is done: Thread Group 1-147 
2016/11/06 21:56:33 INFO  - jmeter.threads.JMeterThread: Thread finished: Thread Group 1-147 
2016/11/06 21:56:33 INFO  - jmeter.threads.JMeterThread: Thread is done: Thread Group 1-152 
2016/11/06 21:56:33 INFO  - jmeter.threads.JMeterThread: Thread finished: Thread Group 1-152 
2016/11/06 21:56:33 INFO  - jmeter.threads.JMeterThread: Thread is done: Thread Group 1-128 
2016/11/06 21:56:33 INFO  - jmeter.threads.JMeterThread: Thread finished: Thread Group 1-128 
2016/11/06 21:56:33 INFO  - jmeter.threads.JMeterThread: Thread is done: Thread Group 1-133 
2016/11/06 21:56:33 INFO  - jmeter.threads.JMeterThread: Thread finished: Thread Group 1-133 
2016/11/06 21:56:33 INFO  - jmeter.threads.JMeterThread: Thread is done: Thread Group 1-138 
2016/11/06 21:56:33 INFO  - jmeter.threads.JMeterThread: Thread finished: Thread Group 1-138 
2016/11/06 21:56:33 INFO  - jmeter.threads.JMeterThread: Thread is done: Thread Group 1-143 
2016/11/06 21:56:33 INFO  - jmeter.threads.JMeterThread: Thread finished: Thread Group 1-143 
2016/11/06 21:56:33 INFO  - jmeter.threads.JMeterThread: Thread is done: Thread Group 1-148 
2016/11/06 21:56:33 INFO  - jmeter.threads.JMeterThread: Thread finished: Thread Group 1-148 
2016/11/06 21:56:33 INFO  - jmeter.threads.JMeterThread: Thread is done: Thread Group 1-153 
2016/11/06 21:56:33 INFO  - jmeter.threads.JMeterThread: Thread finished: Thread Group 1-153 
2016/11/06 21:56:33 INFO  - jmeter.threads.JMeterThread: Thread is done: Thread Group 1-129 
2016/11/06 21:56:33 INFO  - jmeter.threads.JMeterThread: Thread finished: Thread Group 1-129 
2016/11/06 21:56:33 INFO  - jmeter.threads.JMeterThread: Thread is done: Thread Group 1-134 
2016/11/06 21:56:33 INFO  - jmeter.threads.JMeterThread: Thread finished: Thread Group 1-134 
2016/11/06 21:56:33 INFO  - jmeter.threads.JMeterThread: Thread is done: Thread Group 1-139 
2016/11/06 21:56:33 INFO  - jmeter.threads.JMeterThread: Thread finished: Thread Group 1-139 
2016/11/06 21:56:33 INFO  - jmeter.threads.JMeterThread: Thread is done: Thread Group 1-144 
2016/11/06 21:56:33 INFO  - jmeter.threads.JMeterThread: Thread finished: Thread Group 1-144 
2016/11/06 21:56:33 INFO  - jmeter.threads.JMeterThread: Thread is done: Thread Group 1-149 
2016/11/06 21:56:33 INFO  - jmeter.threads.JMeterThread: Thread finished: Thread Group 1-149 
2016/11/06 21:56:33 INFO  - jmeter.threads.JMeterThread: Thread is done: Thread Group 1-154 
2016/11/06 21:56:33 INFO  - jmeter.threads.JMeterThread: Thread finished: Thread Group 1-154 
2016/11/06 21:56:33 INFO  - jmeter.threads.JMeterThread: Thread is done: Thread Group 1-130 
2016/11/06 21:56:33 INFO  - jmeter.threads.JMeterThread: Thread finished: Thread Group 1-130 
2016/11/06 21:56:33 INFO  - jmeter.threads.JMeterThread: Thread is done: Thread Group 1-135 
2016/11/06 21:56:33 INFO  - jmeter.threads.JMeterThread: Thread finished: Thread Group 1-135 
2016/11/06 21:56:33 INFO  - jmeter.threads.JMeterThread: Thread is done: Thread Group 1-140 
2016/11/06 21:56:33 INFO  - jmeter.threads.JMeterThread: Thread finished: Thread Group 1-140 
2016/11/06 21:56:33 INFO  - jmeter.threads.JMeterThread: Thread is done: Thread Group 1-145 
2016/11/06 21:56:33 INFO  - jmeter.threads.JMeterThread: Thread finished: Thread Group 1-145 
2016/11/06 21:56:33 INFO  - jmeter.threads.JMeterThread: Thread is done: Thread Group 1-150 
2016/11/06 21:56:33 INFO  - jmeter.threads.JMeterThread: Thread finished: Thread Group 1-150 
2016/11/06 21:56:33 INFO  - jmeter.threads.JMeterThread: Thread is done: Thread Group 1-131 
2016/11/06 21:56:33 INFO  - jmeter.threads.JMeterThread: Thread finished: Thread Group 1-131 
2016/11/06 21:56:33 INFO  - jmeter.threads.JMeterThread: Thread is done: Thread Group 1-136 
2016/11/06 21:56:33 INFO  - jmeter.threads.JMeterThread: Thread finished: Thread Group 1-136 
2016/11/06 21:56:33 INFO  - jmeter.threads.JMeterThread: Thread is done: Thread Group 1-141 
2016/11/06 21:56:33 INFO  - jmeter.threads.JMeterThread: Thread finished: Thread Group 1-141 
2016/11/06 21:56:33 INFO  - jmeter.threads.JMeterThread: Thread is done: Thread Group 1-146 
2016/11/06 21:56:33 INFO  - jmeter.threads.JMeterThread: Thread finished: Thread Group 1-146 
2016/11/06 21:56:33 INFO  - jmeter.threads.JMeterThread: Thread is done: Thread Group 1-151 
2016/11/06 21:56:33 INFO  - jmeter.threads.JMeterThread: Thread finished: Thread Group 1-151 
2016/11/06 21:56:33 INFO  - jmeter.threads.JMeterThread: Thread is done: Thread Group 1-155 
2016/11/06 21:56:33 INFO  - jmeter.threads.JMeterThread: Thread finished: Thread Group 1-155 
2016/11/06 21:56:33 INFO  - jmeter.threads.JMeterThread: Thread is done: Thread Group 1-156 
2016/11/06 21:56:33 INFO  - jmeter.threads.JMeterThread: Thread finished: Thread Group 1-156 
2016/11/06 21:56:33 INFO  - jmeter.threads.JMeterThread: Thread is done: Thread Group 1-157 
2016/11/06 21:56:33 INFO  - jmeter.threads.JMeterThread: Thread finished: Thread Group 1-157 
2016/11/06 21:56:33 INFO  - jmeter.threads.JMeterThread: Thread is done: Thread Group 1-158 
2016/11/06 21:56:33 INFO  - jmeter.threads.JMeterThread: Thread finished: Thread Group 1-158 
2016/11/06 21:56:33 INFO  - jmeter.threads.JMeterThread: Thread is done: Thread Group 1-159 
2016/11/06 21:56:33 INFO  - jmeter.threads.JMeterThread: Thread finished: Thread Group 1-159 
2016/11/06 21:56:33 INFO  - jmeter.threads.JMeterThread: Thread is done: Thread Group 1-160 
2016/11/06 21:56:33 INFO  - jmeter.threads.JMeterThread: Thread finished: Thread Group 1-160 
2016/11/06 21:56:33 INFO  - jmeter.threads.JMeterThread: Thread is done: Thread Group 1-165 
2016/11/06 21:56:33 INFO  - jmeter.threads.JMeterThread: Thread finished: Thread Group 1-165 
2016/11/06 21:56:33 INFO  - jmeter.threads.JMeterThread: Thread is done: Thread Group 1-170 
2016/11/06 21:56:33 INFO  - jmeter.threads.JMeterThread: Thread finished: Thread Group 1-170 
2016/11/06 21:56:33 INFO  - jmeter.threads.JMeterThread: Thread is done: Thread Group 1-175 
2016/11/06 21:56:33 INFO  - jmeter.threads.JMeterThread: Thread finished: Thread Group 1-175 
2016/11/06 21:56:33 INFO  - jmeter.threads.JMeterThread: Thread is done: Thread Group 1-180 
2016/11/06 21:56:33 INFO  - jmeter.threads.JMeterThread: Thread finished: Thread Group 1-180 
2016/11/06 21:56:33 INFO  - jmeter.threads.JMeterThread: Thread is done: Thread Group 1-185 
2016/11/06 21:56:33 INFO  - jmeter.threads.JMeterThread: Thread finished: Thread Group 1-185 
2016/11/06 21:56:33 INFO  - jmeter.threads.JMeterThread: Thread is done: Thread Group 1-161 
2016/11/06 21:56:33 INFO  - jmeter.threads.JMeterThread: Thread finished: Thread Group 1-161 
2016/11/06 21:56:33 INFO  - jmeter.threads.JMeterThread: Thread is done: Thread Group 1-166 
2016/11/06 21:56:33 INFO  - jmeter.threads.JMeterThread: Thread finished: Thread Group 1-166 
2016/11/06 21:56:33 INFO  - jmeter.threads.JMeterThread: Thread is done: Thread Group 1-171 
2016/11/06 21:56:33 INFO  - jmeter.threads.JMeterThread: Thread finished: Thread Group 1-171 
2016/11/06 21:56:33 INFO  - jmeter.threads.JMeterThread: Thread is done: Thread Group 1-176 
2016/11/06 21:56:33 INFO  - jmeter.threads.JMeterThread: Thread finished: Thread Group 1-176 
2016/11/06 21:56:33 INFO  - jmeter.threads.JMeterThread: Thread is done: Thread Group 1-181 
2016/11/06 21:56:33 INFO  - jmeter.threads.JMeterThread: Thread finished: Thread Group 1-181 
2016/11/06 21:56:33 INFO  - jmeter.threads.JMeterThread: Thread is done: Thread Group 1-186 
2016/11/06 21:56:33 INFO  - jmeter.threads.JMeterThread: Thread finished: Thread Group 1-186 
2016/11/06 21:56:34 INFO  - jmeter.threads.JMeterThread: Thread is done: Thread Group 1-162 
2016/11/06 21:56:34 INFO  - jmeter.threads.JMeterThread: Thread finished: Thread Group 1-162 
2016/11/06 21:56:34 INFO  - jmeter.threads.JMeterThread: Thread is done: Thread Group 1-167 
2016/11/06 21:56:34 INFO  - jmeter.threads.JMeterThread: Thread finished: Thread Group 1-167 
2016/11/06 21:56:34 INFO  - jmeter.threads.JMeterThread: Thread is done: Thread Group 1-172 
2016/11/06 21:56:34 INFO  - jmeter.threads.JMeterThread: Thread finished: Thread Group 1-172 
2016/11/06 21:56:34 INFO  - jmeter.threads.JMeterThread: Thread is done: Thread Group 1-177 
2016/11/06 21:56:34 INFO  - jmeter.threads.JMeterThread: Thread finished: Thread Group 1-177 
2016/11/06 21:56:34 INFO  - jmeter.threads.JMeterThread: Thread is done: Thread Group 1-182 
2016/11/06 21:56:34 INFO  - jmeter.threads.JMeterThread: Thread finished: Thread Group 1-182 
2016/11/06 21:56:34 INFO  - jmeter.threads.JMeterThread: Thread is done: Thread Group 1-187 
2016/11/06 21:56:34 INFO  - jmeter.threads.JMeterThread: Thread finished: Thread Group 1-187 
2016/11/06 21:56:34 INFO  - jmeter.threads.JMeterThread: Thread is done: Thread Group 1-163 
2016/11/06 21:56:34 INFO  - jmeter.threads.JMeterThread: Thread finished: Thread Group 1-163 
2016/11/06 21:56:34 INFO  - jmeter.threads.JMeterThread: Thread is done: Thread Group 1-168 
2016/11/06 21:56:34 INFO  - jmeter.threads.JMeterThread: Thread finished: Thread Group 1-168 
2016/11/06 21:56:34 INFO  - jmeter.threads.JMeterThread: Thread is done: Thread Group 1-173 
2016/11/06 21:56:34 INFO  - jmeter.threads.JMeterThread: Thread finished: Thread Group 1-173 
2016/11/06 21:56:34 INFO  - jmeter.threads.JMeterThread: Thread is done: Thread Group 1-178 
2016/11/06 21:56:34 INFO  - jmeter.threads.JMeterThread: Thread finished: Thread Group 1-178 
2016/11/06 21:56:34 INFO  - jmeter.threads.JMeterThread: Thread is done: Thread Group 1-183 
2016/11/06 21:56:34 INFO  - jmeter.threads.JMeterThread: Thread finished: Thread Group 1-183 
2016/11/06 21:56:34 INFO  - jmeter.threads.JMeterThread: Thread is done: Thread Group 1-188 
2016/11/06 21:56:34 INFO  - jmeter.threads.JMeterThread: Thread finished: Thread Group 1-188 
2016/11/06 21:56:34 INFO  - jmeter.threads.JMeterThread: Thread is done: Thread Group 1-164 
2016/11/06 21:56:34 INFO  - jmeter.threads.JMeterThread: Thread finished: Thread Group 1-164 
2016/11/06 21:56:34 INFO  - jmeter.threads.JMeterThread: Thread is done: Thread Group 1-169 
2016/11/06 21:56:34 INFO  - jmeter.threads.JMeterThread: Thread finished: Thread Group 1-169 
2016/11/06 21:56:34 INFO  - jmeter.threads.JMeterThread: Thread is done: Thread Group 1-174 
2016/11/06 21:56:34 INFO  - jmeter.threads.JMeterThread: Thread finished: Thread Group 1-174 
2016/11/06 21:56:34 INFO  - jmeter.threads.JMeterThread: Thread is done: Thread Group 1-179 
2016/11/06 21:56:34 INFO  - jmeter.threads.JMeterThread: Thread finished: Thread Group 1-179 
2016/11/06 21:56:34 INFO  - jmeter.threads.JMeterThread: Thread is done: Thread Group 1-184 
2016/11/06 21:56:34 INFO  - jmeter.threads.JMeterThread: Thread finished: Thread Group 1-184 
2016/11/06 21:56:34 INFO  - jmeter.threads.JMeterThread: Thread is done: Thread Group 1-189 
2016/11/06 21:56:34 INFO  - jmeter.threads.JMeterThread: Thread finished: Thread Group 1-189 
2016/11/06 21:56:34 INFO  - jmeter.threads.JMeterThread: Thread is done: Thread Group 1-191 
2016/11/06 21:56:34 INFO  - jmeter.threads.JMeterThread: Thread finished: Thread Group 1-191 
2016/11/06 21:56:34 INFO  - jmeter.threads.JMeterThread: Thread is done: Thread Group 1-196 
2016/11/06 21:56:34 INFO  - jmeter.threads.JMeterThread: Thread finished: Thread Group 1-196 
2016/11/06 21:56:34 INFO  - jmeter.threads.JMeterThread: Thread is done: Thread Group 1-190 
2016/11/06 21:56:34 INFO  - jmeter.threads.JMeterThread: Thread finished: Thread Group 1-190 
2016/11/06 21:56:34 INFO  - jmeter.threads.JMeterThread: Thread is done: Thread Group 1-195 
2016/11/06 21:56:34 INFO  - jmeter.threads.JMeterThread: Thread finished: Thread Group 1-195 
2016/11/06 21:56:34 INFO  - jmeter.threads.JMeterThread: Thread is done: Thread Group 1-200 
2016/11/06 21:56:34 INFO  - jmeter.threads.JMeterThread: Thread finished: Thread Group 1-200 
2016/11/06 21:56:34 INFO  - jmeter.threads.JMeterThread: Thread is done: Thread Group 1-192 
2016/11/06 21:56:34 INFO  - jmeter.threads.JMeterThread: Thread finished: Thread Group 1-192 
2016/11/06 21:56:34 INFO  - jmeter.threads.JMeterThread: Thread is done: Thread Group 1-197 
2016/11/06 21:56:34 INFO  - jmeter.threads.JMeterThread: Thread finished: Thread Group 1-197 
2016/11/06 21:56:34 INFO  - jmeter.threads.JMeterThread: Thread is done: Thread Group 1-193 
2016/11/06 21:56:34 INFO  - jmeter.threads.JMeterThread: Thread finished: Thread Group 1-193 
2016/11/06 21:56:34 INFO  - jmeter.threads.JMeterThread: Thread is done: Thread Group 1-198 
2016/11/06 21:56:34 INFO  - jmeter.threads.JMeterThread: Thread finished: Thread Group 1-198 
2016/11/06 21:56:34 INFO  - jmeter.threads.JMeterThread: Thread is done: Thread Group 1-194 
2016/11/06 21:56:34 INFO  - jmeter.threads.JMeterThread: Thread finished: Thread Group 1-194 
2016/11/06 21:56:34 INFO  - jmeter.threads.JMeterThread: Thread is done: Thread Group 1-199 
2016/11/06 21:56:34 INFO  - jmeter.threads.JMeterThread: Thread finished: Thread Group 1-199 
2016/11/06 21:56:34 INFO  - jmeter.engine.StandardJMeterEngine: Notifying test listeners of end of test 
2016/11/06 21:56:34 INFO  - jmeter.gui.util.JMeterMenuBar: setRunning(false,*local*) 
